Using pre-set license
Desktop is 1280 x 1024 @ 60 Hz

 COMMAND LINE ARGUMENTS:
Unity
-adb2
-batchMode
-noUpm
-name
AssetImportWorker2
-projectPath
/home/sachin-pc/2dGameProject
-logFile
Logs/AssetImportWorker2.log
-srvPort
38023
Successfully changed project path to: /home/sachin-pc/2dGameProject
/home/sachin-pc/2dGameProject
Using Asset Import Pipeline V2.
Refreshing native plugins compatible for Editor in 116.47 ms, found 1 plugins.
Preloading 0 native plugins for Editor in 0.00 ms.
Initialize engine version: 2020.3.16f1 (049d6eca3c44)
[Subsystems] Discovering subsystems at path /home/sachin-pc/Documents/unity/2020.3.16f1/Editor/Data/Resources/UnitySubsystems
[Subsystems] Discovering subsystems at path /home/sachin-pc/2dGameProject/Assets
GLX Extensions: GLX_ARB_context_flush_control GLX_ARB_create_context GLX_ARB_create_context_profile GLX_ARB_fbconfig_float GLX_ARB_framebuffer_sRGB GLX_ARB_get_proc_address GLX_ARB_multisample GLX_EXT_create_context_es2_profile GLX_EXT_create_context_es_profile GLX_EXT_fbconfig_packed_float GLX_EXT_framebuffer_sRGB GLX_EXT_import_context GLX_EXT_texture_from_pixmap GLX_EXT_visual_info GLX_EXT_visual_rating GLX_MESA_copy_sub_buffer GLX_MESA_query_renderer GLX_OML_swap_method GLX_SGIS_multisample GLX_SGIX_fbconfig GLX_SGIX_pbuffer GLX_SGIX_visual_select_group GLX_SGI_make_current_read 
Renderer: llvmpipe (LLVM 12.0.0, 128 bits)
Vendor:   Mesa/X.org
Version:  4.5 (Core Profile) Mesa 21.0.3
GLES:     0
 GL_AMD_conservative_depth GL_AMD_draw_buffers_blend GL_AMD_gpu_shader_int64 GL_AMD_multi_draw_indirect GL_AMD_query_buffer_object GL_AMD_seamless_cubemap_per_texture GL_AMD_shader_stencil_export GL_AMD_shader_trinary_minmax GL_AMD_texture_texture4 GL_AMD_vertex_shader_layer GL_AMD_vertex_shader_viewport_index GL_ANGLE_texture_compression_dxt3 GL_ANGLE_texture_compression_dxt5 GL_ARB_ES2_compatibility GL_ARB_ES3_1_compatibility GL_ARB_ES3_2_compatibility GL_ARB_ES3_compatibility GL_ARB_arrays_of_arrays GL_ARB_base_instance GL_ARB_blend_func_extended GL_ARB_buffer_storage GL_ARB_clear_buffer_object GL_ARB_clear_texture GL_ARB_clip_control GL_ARB_compressed_texture_pixel_storage GL_ARB_compute_shader GL_ARB_conditional_render_inverted GL_ARB_conservative_depth GL_ARB_copy_buffer GL_ARB_copy_image GL_ARB_cull_distance GL_ARB_debug_output GL_ARB_depth_buffer_float GL_ARB_depth_clamp GL_ARB_derivative_control GL_ARB_direct_state_access GL_ARB_draw_buffers GL_ARB_draw_buffers_blend GL_ARB_draw_elements_base_vertex
 GL_ARB_draw_indirect GL_ARB_draw_instanced GL_ARB_enhanced_layouts GL_ARB_explicit_attrib_location GL_ARB_explicit_uniform_location GL_ARB_fragment_coord_conventions GL_ARB_fragment_layer_viewport GL_ARB_fragment_shader GL_ARB_framebuffer_no_attachments GL_ARB_framebuffer_object GL_ARB_framebuffer_sRGB GL_ARB_get_program_binary GL_ARB_get_texture_sub_image GL_ARB_gpu_shader5 GL_ARB_gpu_shader_fp64 GL_ARB_gpu_shader_int64 GL_ARB_half_float_pixel GL_ARB_half_float_vertex GL_ARB_indirect_parameters GL_ARB_instanced_arrays GL_ARB_internalformat_query GL_ARB_internalformat_query2 GL_ARB_invalidate_subdata GL_ARB_map_buffer_alignment GL_ARB_map_buffer_range GL_ARB_multi_bind GL_ARB_multi_draw_indirect GL_ARB_occlusion_query2 GL_ARB_parallel_shader_compile GL_ARB_pipeline_statistics_query GL_ARB_pixel_buffer_object GL_ARB_point_sprite GL_ARB_polygon_offset_clamp GL_ARB_post_depth_coverage GL_ARB_program_interface_query GL_ARB_provoking_vertex GL_ARB_query_buffer_object GL_ARB_robust_buffer_access_behavior GL_ARB_r
obustness GL_ARB_sample_shading GL_ARB_sampler_objects GL_ARB_seamless_cube_map GL_ARB_seamless_cubemap_per_texture GL_ARB_separate_shader_objects GL_ARB_shader_atomic_counter_ops GL_ARB_shader_atomic_counters GL_ARB_shader_bit_encoding GL_ARB_shader_draw_parameters GL_ARB_shader_group_vote GL_ARB_shader_image_load_store GL_ARB_shader_image_size GL_ARB_shader_objects GL_ARB_shader_precision GL_ARB_shader_stencil_export GL_ARB_shader_storage_buffer_object GL_ARB_shader_subroutine GL_ARB_shader_texture_image_samples GL_ARB_shader_texture_lod GL_ARB_shading_language_420pack GL_ARB_shading_language_include GL_ARB_shading_language_packing GL_ARB_stencil_texturing GL_ARB_sync GL_ARB_tessellation_shader GL_ARB_texture_barrier GL_ARB_texture_buffer_object GL_ARB_texture_buffer_object_rgb32 GL_ARB_texture_buffer_range GL_ARB_texture_compression_bptc GL_ARB_texture_compression_rgtc GL_ARB_texture_cube_map_array GL_ARB_texture_float GL_ARB_texture_gather GL_ARB_texture_mirror_clamp_to_edge GL_ARB_texture_multisample GL
_ARB_texture_non_power_of_two GL_ARB_texture_query_levels GL_ARB_texture_query_lod GL_ARB_texture_rectangle GL_ARB_texture_rg GL_ARB_texture_rgb10_a2ui GL_ARB_texture_stencil8 GL_ARB_texture_storage GL_ARB_texture_storage_multisample GL_ARB_texture_swizzle GL_ARB_texture_view GL_ARB_timer_query GL_ARB_transform_feedback2 GL_ARB_transform_feedback3 GL_ARB_transform_feedback_instanced GL_ARB_transform_feedback_overflow_query GL_ARB_uniform_buffer_object GL_ARB_vertex_array_bgra GL_ARB_vertex_array_object GL_ARB_vertex_attrib_64bit GL_ARB_vertex_attrib_binding GL_ARB_vertex_buffer_object GL_ARB_vertex_shader GL_ARB_vertex_type_10f_11f_11f_rev GL_ARB_vertex_type_2_10_10_10_rev GL_ARB_viewport_array GL_ATI_blend_equation_separate GL_ATI_texture_float GL_ATI_texture_mirror_once GL_EXT_EGL_image_storage GL_EXT_EGL_sync GL_EXT_abgr GL_EXT_blend_equation_separate GL_EXT_draw_buffers2 GL_EXT_draw_instanced GL_EXT_framebuffer_blit GL_EXT_framebuffer_multisample GL_EXT_framebuffer_multisample_blit_scaled GL_EXT_framebuf
fer_object GL_EXT_framebuffer_sRGB GL_EXT_packed_depth_stencil GL_EXT_packed_float GL_EXT_pixel_buffer_object GL_EXT_polygon_offset_clamp GL_EXT_provoking_vertex GL_EXT_shader_framebuffer_fetch_non_coherent GL_EXT_shader_integer_mix GL_EXT_texture_array GL_EXT_texture_compression_dxt1 GL_EXT_texture_compression_rgtc GL_EXT_texture_compression_s3tc GL_EXT_texture_integer GL_EXT_texture_mirror_clamp GL_EXT_texture_sRGB GL_EXT_texture_sRGB_R8 GL_EXT_texture_sRGB_decode GL_EXT_texture_shadow_lod GL_EXT_texture_shared_exponent GL_EXT_texture_snorm GL_EXT_texture_swizzle GL_EXT_timer_query GL_EXT_transform_feedback GL_EXT_vertex_array_bgra GL_EXT_vertex_attrib_64bit GL_IBM_multimode_draw_arrays GL_KHR_blend_equation_advanced GL_KHR_context_flush_control GL_KHR_debug GL_KHR_no_error GL_KHR_parallel_shader_compile GL_KHR_robust_buffer_access_behavior GL_KHR_robustness GL_KHR_texture_compression_astc_ldr GL_KHR_texture_compression_astc_sliced_3d GL_MESA_framebuffer_flip_y GL_MESA_pack_invert GL_MESA_shader_integer_fu
nctions GL_MESA_texture_signed_rgba GL_MESA_ycbcr_texture GL_NV_conditional_render GL_NV_copy_image GL_NV_depth_clamp GL_NV_packed_depth_stencil GL_NV_texture_barrier GL_OES_EGL_image GL_S3_s3tc
OPENGL LOG: Creating OpenGL 4.5 graphics device ; Context level  <OpenGL 4.5> ; Context handle 872602656
Initialize mono
Mono path[0] = '/home/sachin-pc/Documents/unity/2020.3.16f1/Editor/Data/Managed'
Mono path[1] = '/home/sachin-pc/Documents/unity/2020.3.16f1/Editor/Data/MonoBleedingEdge/lib/mono/unityjit'
Mono config path = '/home/sachin-pc/Documents/unity/2020.3.16f1/Editor/Data/MonoBleedingEdge/etc'
Using monoOptions --debugger-agent=transport=dt_socket,embedding=1,server=y,suspend=n,address=127.0.0.1:56845
Begin MonoManager ReloadAssembly
Registering precompiled unity dll's ...
Trying to register platform support module: /home/sachin-pc/Documents/unity/2020.3.16f1/Editor/Data/PlaybackEngines/WindowsStandaloneSupport/UnityEditor.WindowsStandalone.Extensions.dll (that doesn't exist). Retrying without overrides.
Platform support module is not available: /home/sachin-pc/Documents/unity/2020.3.16f1/Editor/Data/PlaybackEngines/WindowsStandaloneSupport/UnityEditor.WindowsStandalone.Extensions.dll
Register platform support module: /home/sachin-pc/Documents/unity/2020.3.16f1/Editor/Data/PlaybackEngines/LinuxStandaloneSupport/UnityEditor.LinuxStandalone.Extensions.dll
Registered in 0.004287 seconds.
Native extension for LinuxStandalone target not found
Refreshing native plugins compatible for Editor in 125.69 ms, found 1 plugins.
Preloading 0 native plugins for Editor in 0.00 ms.
Mono: successfully reloaded assembly
- Completed reload, in  4.277 seconds
Domain Reload Profiling:
	ReloadAssembly (4278ms)
		BeginReloadAssembly (97ms)
			ExecutionOrderSort (0ms)
			DisableScriptedObjects (0ms)
			BackupInstance (0ms)
			ReleaseScriptingObjects (0ms)
			CreateAndSetChildDomain (2ms)
		EndReloadAssembly (1450ms)
			LoadAssemblies (93ms)
			RebuildTransferFunctionScriptingTraits (0ms)
			SetupTypeCache (524ms)
			ReleaseScriptCaches (0ms)
			RebuildScriptCaches (109ms)
			SetupLoadedEditorAssemblies (640ms)
				LogAssemblyErrors (0ms)
				InitializePlatformSupportModulesInManaged (16ms)
				SetLoadedEditorAssemblies (1ms)
				RefreshPlugins (126ms)
				BeforeProcessingInitializeOnLoad (34ms)
				ProcessInitializeOnLoadAttributes (352ms)
				ProcessInitializeOnLoadMethodAttributes (111ms)
				AfterProcessingInitializeOnLoad (0ms)
				EditorAssembliesLoaded (1ms)
			ExecutionOrderSort2 (0ms)
			AwakeInstancesAfterBackupRestoration (0ms)
Platform modules already initialized, skipping
Registering precompiled user dll's ...
Registered in 0.007339 seconds.
Begin MonoManager ReloadAssembly
Native extension for LinuxStandalone target not found
Refreshing native plugins compatible for Editor in 124.19 ms, found 1 plugins.
Preloading 0 native plugins for Editor in 0.00 ms.
Mono: successfully reloaded assembly
- Completed reload, in  6.016 seconds
Domain Reload Profiling:
	ReloadAssembly (6035ms)
		BeginReloadAssembly (428ms)
			ExecutionOrderSort (0ms)
			DisableScriptedObjects (17ms)
			BackupInstance (0ms)
			ReleaseScriptingObjects (0ms)
			CreateAndSetChildDomain (80ms)
		EndReloadAssembly (5408ms)
			LoadAssemblies (1213ms)
			RebuildTransferFunctionScriptingTraits (0ms)
			SetupTypeCache (1700ms)
			ReleaseScriptCaches (5ms)
			RebuildScriptCaches (234ms)
			SetupLoadedEditorAssemblies (1807ms)
				LogAssemblyErrors (0ms)
				InitializePlatformSupportModulesInManaged (32ms)
				SetLoadedEditorAssemblies (1ms)
				RefreshPlugins (124ms)
				BeforeProcessingInitializeOnLoad (177ms)
				ProcessInitializeOnLoadAttributes (1399ms)
				ProcessInitializeOnLoadMethodAttributes (56ms)
				AfterProcessingInitializeOnLoad (17ms)
				EditorAssembliesLoaded (0ms)
			ExecutionOrderSort2 (0ms)
			AwakeInstancesAfterBackupRestoration (24ms)
Platform modules already initialized, skipping
========================================================================
Worker process is ready to serve import requests
Launched and connected shader compiler UnityShaderCompiler after 0.07 seconds
Refreshing native plugins compatible for Editor in 1.18 ms, found 1 plugins.
Preloading 0 native plugins for Editor in 0.00 ms.
Unloading 2105 Unused Serialized files (Serialized files now loaded: 0)
System memory in use before: 87.9 MB.
System memory in use after: 87.9 MB.

Unloading 28 unused Assets to reduce memory usage. Loaded Objects now: 2544.
Total: 13.585882 ms (FindLiveObjects: 0.612129 ms CreateObjectMapping: 0.273841 ms MarkObjects: 12.103005 ms  DeleteObjects: 0.592806 ms)

AssetImportParameters requested are different than current active one (requested -> active):
  custom:video-decoder-ogg-theora: a1e56fd34408186e4bbccfd4996cb3dc -> 
  custom:container-muxer-webm: aa71ff27fc2769a1b78a27578f13a17b -> 
  custom:container-demuxer-webm: 4f35f7cbe854078d1ac9338744f61a02 -> 
  custom:container-demuxer-ogg: 62fdf1f143b41e24485cea50d1cbac27 -> 
  custom:video-encoder-webm-vp8: eb34c28f22e8b96e1ab97ce403110664 -> 
  custom:video-decoder-webm-vp8: 9c59270c3fd7afecdb556c50c9e8de78 -> 
  custom:audio-decoder-ogg-vorbis: bf7c407c2cedff20999df2af8eb42d56 -> 
  custom:audio-encoder-webm-vorbis: bf7c407c2cedff20999df2af8eb42d56 -> 
========================================================================
Received Import Request.
  path: Assets/Sprites/master-enamy.png
  artifactKey: Guid(67ecdd7b7ae6220b9969c3e92e854b26) Importer(815301076,1909f56bfc062723c751e8b465ee728b)
Start importing Assets/Sprites/master-enamy.png using Guid(67ecdd7b7ae6220b9969c3e92e854b26) Importer(815301076,1909f56bfc062723c751e8b465ee728b)  -> (artifact id: '889b5a886e6e3b219510834a5e017161') in 0.795598 seconds 
  Import took 0.806559 seconds .

========================================================================
Received Import Request.
  Time since last request: 1875.851467 seconds.
  path: Assets/Animation/Summoner
  artifactKey: Guid(1ddf76d2993e75e0b83880d151eadead) Importer(815301076,1909f56bfc062723c751e8b465ee728b)
Start importing Assets/Animation/Summoner using Guid(1ddf76d2993e75e0b83880d151eadead) Importer(815301076,1909f56bfc062723c751e8b465ee728b)  -> (artifact id: '82184cb696e3b40326c275fe495669c3') in 0.003120 seconds 
  Import took 0.012754 seconds .

========================================================================
Received Import Request.
  Time since last request: 792.363874 seconds.
  path: Assets/Animation/Summoner/idle.anim
  artifactKey: Guid(b4ba0771c4728a33cb7d738cc313563e) Importer(815301076,1909f56bfc062723c751e8b465ee728b)
Start importing Assets/Animation/Summoner/idle.anim using Guid(b4ba0771c4728a33cb7d738cc313563e) Importer(815301076,1909f56bfc062723c751e8b465ee728b)  -> (artifact id: '6adc00da0cf5d8b94197ceeb5075fd01') in 0.003376 seconds 
  Import took 0.012267 seconds .

========================================================================
Received Import Request.
  Time since last request: 0.038124 seconds.
  path: Assets/Animation/Summoner/idle.anim
  artifactKey: Guid(b4ba0771c4728a33cb7d738cc313563e) Importer(815301076,1909f56bfc062723c751e8b465ee728b)
Start importing Assets/Animation/Summoner/idle.anim using Guid(b4ba0771c4728a33cb7d738cc313563e) Importer(815301076,1909f56bfc062723c751e8b465ee728b)  -> (artifact id: '6adc00da0cf5d8b94197ceeb5075fd01') in 0.002737 seconds 
  Import took 0.028164 seconds .

========================================================================
Received Import Request.
  Time since last request: 26.150357 seconds.
  path: Assets/Animation/Summoner/Body.controller
  artifactKey: Guid(2c57f418860251e1fb053ec176c9bb82) Importer(815301076,1909f56bfc062723c751e8b465ee728b)
Start importing Assets/Animation/Summoner/Body.controller using Guid(2c57f418860251e1fb053ec176c9bb82) Importer(815301076,1909f56bfc062723c751e8b465ee728b)  -> (artifact id: '5f285ca0510e4f8928e70f5cf95fe526') in 0.012919 seconds 
  Import took 0.035273 seconds .

========================================================================
Received Import Request.
  Time since last request: 0.020050 seconds.
  path: Assets/Animation/Summoner/Body.controller
  artifactKey: Guid(2c57f418860251e1fb053ec176c9bb82) Importer(815301076,1909f56bfc062723c751e8b465ee728b)
Start importing Assets/Animation/Summoner/Body.controller using Guid(2c57f418860251e1fb053ec176c9bb82) Importer(815301076,1909f56bfc062723c751e8b465ee728b)  -> (artifact id: '5f285ca0510e4f8928e70f5cf95fe526') in 0.003034 seconds 
  Import took 0.012377 seconds .

========================================================================
Received Import Request.
  Time since last request: 355.286127 seconds.
  path: Assets/Animation/Summoner/Summoner.controller
  artifactKey: Guid(5eafa93259bfe4bf7bdc82d55d0c33b7) Importer(815301076,1909f56bfc062723c751e8b465ee728b)
Start importing Assets/Animation/Summoner/Summoner.controller using Guid(5eafa93259bfe4bf7bdc82d55d0c33b7) Importer(815301076,1909f56bfc062723c751e8b465ee728b)  -> (artifact id: 'f2762c89ce1c2b38ac9333641bd9a4d3') in 0.002501 seconds 
  Import took 0.011856 seconds .

========================================================================
Received Import Request.
  Time since last request: 0.044094 seconds.
  path: Assets/Animation/Summoner/Summoner.controller
  artifactKey: Guid(5eafa93259bfe4bf7bdc82d55d0c33b7) Importer(815301076,1909f56bfc062723c751e8b465ee728b)
Start importing Assets/Animation/Summoner/Summoner.controller using Guid(5eafa93259bfe4bf7bdc82d55d0c33b7) Importer(815301076,1909f56bfc062723c751e8b465ee728b)  -> (artifact id: 'f2762c89ce1c2b38ac9333641bd9a4d3') in 0.005664 seconds 
  Import took 0.019101 seconds .

========================================================================
Received Import Request.
  Time since last request: 1626.540003 seconds.
  path: Assets/Animation/Summoner/run.anim
  artifactKey: Guid(ca06de4c4e028b428ac459f2d0cd3900) Importer(815301076,1909f56bfc062723c751e8b465ee728b)
Start importing Assets/Animation/Summoner/run.anim using Guid(ca06de4c4e028b428ac459f2d0cd3900) Importer(815301076,1909f56bfc062723c751e8b465ee728b)  -> (artifact id: '0c3f40f5a77742a90a5efa6abf09f685') in 0.021422 seconds 
  Import took 0.030598 seconds .

========================================================================
Received Import Request.
  Time since last request: 0.025431 seconds.
  path: Assets/Animation/Summoner/run.anim
  artifactKey: Guid(ca06de4c4e028b428ac459f2d0cd3900) Importer(815301076,1909f56bfc062723c751e8b465ee728b)
Start importing Assets/Animation/Summoner/run.anim using Guid(ca06de4c4e028b428ac459f2d0cd3900) Importer(815301076,1909f56bfc062723c751e8b465ee728b)  -> (artifact id: '0c3f40f5a77742a90a5efa6abf09f685') in 0.002690 seconds 
  Import took 0.011671 seconds .

========================================================================
Received Import Request.
  Time since last request: 7571.639007 seconds.
  path: Assets/Animation/Summoner/summon.anim
  artifactKey: Guid(9a841159fc1c449dc9875e3237e88e0a) Importer(815301076,1909f56bfc062723c751e8b465ee728b)
Start importing Assets/Animation/Summoner/summon.anim using Guid(9a841159fc1c449dc9875e3237e88e0a) Importer(815301076,1909f56bfc062723c751e8b465ee728b)  -> (artifact id: '472331c48059e588ed8185abd4344e49') in 0.005645 seconds 
  Import took 0.030197 seconds .

========================================================================
Received Import Request.
  Time since last request: 3976.318367 seconds.
  path: Assets/Animation/Summoner/Summoner.controller
  artifactKey: Guid(5eafa93259bfe4bf7bdc82d55d0c33b7) Importer(815301076,1909f56bfc062723c751e8b465ee728b)
Start importing Assets/Animation/Summoner/Summoner.controller using Guid(5eafa93259bfe4bf7bdc82d55d0c33b7) Importer(815301076,1909f56bfc062723c751e8b465ee728b)  -> (artifact id: 'ef5f2cf500374351209fd1717b6c9975') in 0.006202 seconds 
  Import took 0.016112 seconds .

========================================================================
Received Import Request.
  Time since last request: 0.046775 seconds.
  path: Assets/Animation/Summoner/Summoner.controller
  artifactKey: Guid(5eafa93259bfe4bf7bdc82d55d0c33b7) Importer(815301076,1909f56bfc062723c751e8b465ee728b)
Start importing Assets/Animation/Summoner/Summoner.controller using Guid(5eafa93259bfe4bf7bdc82d55d0c33b7) Importer(815301076,1909f56bfc062723c751e8b465ee728b)  -> (artifact id: 'ef5f2cf500374351209fd1717b6c9975') in 0.007067 seconds 
  Import took 0.016030 seconds .

========================================================================
Received Import Request.
  Time since last request: 1095.955796 seconds.
  path: Assets/Animation/Summoner/Summoner.controller
  artifactKey: Guid(5eafa93259bfe4bf7bdc82d55d0c33b7) Importer(815301076,1909f56bfc062723c751e8b465ee728b)
Start importing Assets/Animation/Summoner/Summoner.controller using Guid(5eafa93259bfe4bf7bdc82d55d0c33b7) Importer(815301076,1909f56bfc062723c751e8b465ee728b)  -> (artifact id: '12c3f1f5ba95e32ac803e9b438772eae') in 0.032690 seconds 
  Import took 0.047919 seconds .

========================================================================
Received Import Request.
  Time since last request: 266.126462 seconds.
  path: Assets/Prefabs/Summoner.prefab
  artifactKey: Guid(7823318d9945c0c2f9ed550a9c72b7dd) Importer(815301076,1909f56bfc062723c751e8b465ee728b)
Start importing Assets/Prefabs/Summoner.prefab using Guid(7823318d9945c0c2f9ed550a9c72b7dd) Importer(815301076,1909f56bfc062723c751e8b465ee728b)  -> (artifact id: '0c7578c2bec13ae6fd47b7eb745298a2') in 3.981992 seconds 
  Import took 4.171436 seconds .

========================================================================
Received Prepare
Registering precompiled user dll's ...
Registered in 0.022268 seconds.
Begin MonoManager ReloadAssembly
Native extension for LinuxStandalone target not found
Refreshing native plugins compatible for Editor in 1.12 ms, found 1 plugins.
Preloading 0 native plugins for Editor in 0.00 ms.
Mono: successfully reloaded assembly
- Completed reload, in  3.558 seconds
Domain Reload Profiling:
	ReloadAssembly (3559ms)
		BeginReloadAssembly (285ms)
			ExecutionOrderSort (0ms)
			DisableScriptedObjects (22ms)
			BackupInstance (0ms)
			ReleaseScriptingObjects (0ms)
			CreateAndSetChildDomain (126ms)
		EndReloadAssembly (3082ms)
			LoadAssemblies (236ms)
			RebuildTransferFunctionScriptingTraits (0ms)
			SetupTypeCache (994ms)
			ReleaseScriptCaches (2ms)
			RebuildScriptCaches (301ms)
			SetupLoadedEditorAssemblies (1121ms)
				LogAssemblyErrors (0ms)
				InitializePlatformSupportModulesInManaged (43ms)
				SetLoadedEditorAssemblies (2ms)
				RefreshPlugins (1ms)
				BeforeProcessingInitializeOnLoad (154ms)
				ProcessInitializeOnLoadAttributes (890ms)
				ProcessInitializeOnLoadMethodAttributes (18ms)
				AfterProcessingInitializeOnLoad (13ms)
				EditorAssembliesLoaded (0ms)
			ExecutionOrderSort2 (0ms)
			AwakeInstancesAfterBackupRestoration (35ms)
Platform modules already initialized, skipping
Refreshing native plugins compatible for Editor in 1.11 ms, found 1 plugins.
Preloading 0 native plugins for Editor in 0.00 ms.
Unloading 2096 Unused Serialized files (Serialized files now loaded: 0)
System memory in use before: 88.7 MB.
System memory in use after: 88.7 MB.

Unloading 16 unused Assets to reduce memory usage. Loaded Objects now: 2573.
Total: 12.623374 ms (FindLiveObjects: 0.527051 ms CreateObjectMapping: 0.214467 ms MarkObjects: 11.695553 ms  DeleteObjects: 0.181550 ms)

AssetImportParameters requested are different than current active one (requested -> active):
  custom:video-decoder-ogg-theora: a1e56fd34408186e4bbccfd4996cb3dc -> 
  custom:container-muxer-webm: aa71ff27fc2769a1b78a27578f13a17b -> 
  custom:container-demuxer-webm: 4f35f7cbe854078d1ac9338744f61a02 -> 
  custom:container-demuxer-ogg: 62fdf1f143b41e24485cea50d1cbac27 -> 
  custom:video-encoder-webm-vp8: eb34c28f22e8b96e1ab97ce403110664 -> 
  custom:video-decoder-webm-vp8: 9c59270c3fd7afecdb556c50c9e8de78 -> 
  custom:audio-decoder-ogg-vorbis: bf7c407c2cedff20999df2af8eb42d56 -> 
  custom:audio-encoder-webm-vorbis: bf7c407c2cedff20999df2af8eb42d56 -> 
========================================================================
Received Import Request.
  Time since last request: 737.881900 seconds.
  path: Assets/summoner.cs
  artifactKey: Guid(712299dff4788ed8aaa657648f7a7668) Importer(815301076,1909f56bfc062723c751e8b465ee728b)
Start importing Assets/summoner.cs using Guid(712299dff4788ed8aaa657648f7a7668) Importer(815301076,1909f56bfc062723c751e8b465ee728b)  -> (artifact id: '36c225683d3325b3279d0817cc6e9898') in 0.010739 seconds 
  Import took 0.021085 seconds .

========================================================================
Received Import Request.
  Time since last request: 0.039688 seconds.
  path: Assets/summoner.cs
  artifactKey: Guid(712299dff4788ed8aaa657648f7a7668) Importer(815301076,1909f56bfc062723c751e8b465ee728b)
Start importing Assets/summoner.cs using Guid(712299dff4788ed8aaa657648f7a7668) Importer(815301076,1909f56bfc062723c751e8b465ee728b)  -> (artifact id: '36c225683d3325b3279d0817cc6e9898') in 0.001887 seconds 
  Import took 0.020846 seconds .

========================================================================
Received Import Request.
  Time since last request: 961.984864 seconds.
  path: Assets/summoner.cs
  artifactKey: Guid(712299dff4788ed8aaa657648f7a7668) Importer(815301076,1909f56bfc062723c751e8b465ee728b)
Start importing Assets/summoner.cs using Guid(712299dff4788ed8aaa657648f7a7668) Importer(815301076,1909f56bfc062723c751e8b465ee728b)  -> (artifact id: '1576301b992a698007cff3c7d27f8684') in 0.001812 seconds 
  Import took 0.010622 seconds .

========================================================================
Received Import Request.
  Time since last request: 35.273288 seconds.
  path: Assets/summoner.cs
  artifactKey: Guid(712299dff4788ed8aaa657648f7a7668) Importer(815301076,1909f56bfc062723c751e8b465ee728b)
Start importing Assets/summoner.cs using Guid(712299dff4788ed8aaa657648f7a7668) Importer(815301076,1909f56bfc062723c751e8b465ee728b)  -> (artifact id: 'c1478e8751c96e6762e354df6c24f679') in 0.002030 seconds 
  Import took 0.038183 seconds .

========================================================================
Received Import Request.
  Time since last request: 120.128237 seconds.
  path: Assets/summoner.cs
  artifactKey: Guid(712299dff4788ed8aaa657648f7a7668) Importer(815301076,1909f56bfc062723c751e8b465ee728b)
Start importing Assets/summoner.cs using Guid(712299dff4788ed8aaa657648f7a7668) Importer(815301076,1909f56bfc062723c751e8b465ee728b)  -> (artifact id: '147fd022ee8cc126d748a0d3ad98ade7') in 0.001765 seconds 
  Import took 0.010369 seconds .

========================================================================
Received Prepare
Registering precompiled user dll's ...
Registered in 0.011817 seconds.
Begin MonoManager ReloadAssembly
Native extension for LinuxStandalone target not found
Refreshing native plugins compatible for Editor in 1.11 ms, found 1 plugins.
Preloading 0 native plugins for Editor in 0.00 ms.
Mono: successfully reloaded assembly
- Completed reload, in  4.058 seconds
Domain Reload Profiling:
	ReloadAssembly (4059ms)
		BeginReloadAssembly (277ms)
			ExecutionOrderSort (0ms)
			DisableScriptedObjects (24ms)
			BackupInstance (0ms)
			ReleaseScriptingObjects (0ms)
			CreateAndSetChildDomain (121ms)
		EndReloadAssembly (3572ms)
			LoadAssemblies (268ms)
			RebuildTransferFunctionScriptingTraits (0ms)
			SetupTypeCache (1115ms)
			ReleaseScriptCaches (3ms)
			RebuildScriptCaches (199ms)
			SetupLoadedEditorAssemblies (1472ms)
				LogAssemblyErrors (0ms)
				InitializePlatformSupportModulesInManaged (57ms)
				SetLoadedEditorAssemblies (2ms)
				RefreshPlugins (1ms)
				BeforeProcessingInitializeOnLoad (198ms)
				ProcessInitializeOnLoadAttributes (1181ms)
				ProcessInitializeOnLoadMethodAttributes (18ms)
				AfterProcessingInitializeOnLoad (14ms)
				EditorAssembliesLoaded (0ms)
			ExecutionOrderSort2 (0ms)
			AwakeInstancesAfterBackupRestoration (49ms)
Platform modules already initialized, skipping
Refreshing native plugins compatible for Editor in 1.07 ms, found 1 plugins.
Preloading 0 native plugins for Editor in 0.00 ms.
Unloading 2096 Unused Serialized files (Serialized files now loaded: 0)
System memory in use before: 88.7 MB.
System memory in use after: 88.8 MB.

Unloading 16 unused Assets to reduce memory usage. Loaded Objects now: 2576.
Total: 14.205505 ms (FindLiveObjects: 0.573623 ms CreateObjectMapping: 0.220257 ms MarkObjects: 13.194901 ms  DeleteObjects: 0.211596 ms)

AssetImportParameters requested are different than current active one (requested -> active):
  custom:video-decoder-ogg-theora: a1e56fd34408186e4bbccfd4996cb3dc -> 
  custom:container-muxer-webm: aa71ff27fc2769a1b78a27578f13a17b -> 
  custom:container-demuxer-webm: 4f35f7cbe854078d1ac9338744f61a02 -> 
  custom:container-demuxer-ogg: 62fdf1f143b41e24485cea50d1cbac27 -> 
  custom:video-encoder-webm-vp8: eb34c28f22e8b96e1ab97ce403110664 -> 
  custom:video-decoder-webm-vp8: 9c59270c3fd7afecdb556c50c9e8de78 -> 
  custom:audio-decoder-ogg-vorbis: bf7c407c2cedff20999df2af8eb42d56 -> 
  custom:audio-encoder-webm-vorbis: bf7c407c2cedff20999df2af8eb42d56 -> 
========================================================================
Received Import Request.
  Time since last request: 46.663128 seconds.
  path: Assets/summoner.cs
  artifactKey: Guid(712299dff4788ed8aaa657648f7a7668) Importer(815301076,1909f56bfc062723c751e8b465ee728b)
Start importing Assets/summoner.cs using Guid(712299dff4788ed8aaa657648f7a7668) Importer(815301076,1909f56bfc062723c751e8b465ee728b)  -> (artifact id: 'b125e8d63623120e5fefd6e5c3462f72') in 0.007791 seconds 
  Import took 0.015840 seconds .

========================================================================
Received Prepare
Registering precompiled user dll's ...
Registered in 0.007601 seconds.
Begin MonoManager ReloadAssembly
Native extension for LinuxStandalone target not found
Refreshing native plugins compatible for Editor in 1.29 ms, found 1 plugins.
Preloading 0 native plugins for Editor in 0.00 ms.
Mono: successfully reloaded assembly
- Completed reload, in  4.264 seconds
Domain Reload Profiling:
	ReloadAssembly (4266ms)
		BeginReloadAssembly (310ms)
			ExecutionOrderSort (0ms)
			DisableScriptedObjects (29ms)
			BackupInstance (0ms)
			ReleaseScriptingObjects (0ms)
			CreateAndSetChildDomain (130ms)
		EndReloadAssembly (3732ms)
			LoadAssemblies (289ms)
			RebuildTransferFunctionScriptingTraits (0ms)
			SetupTypeCache (1073ms)
			ReleaseScriptCaches (3ms)
			RebuildScriptCaches (223ms)
			SetupLoadedEditorAssemblies (1584ms)
				LogAssemblyErrors (0ms)
				InitializePlatformSupportModulesInManaged (92ms)
				SetLoadedEditorAssemblies (2ms)
				RefreshPlugins (1ms)
				BeforeProcessingInitializeOnLoad (217ms)
				ProcessInitializeOnLoadAttributes (1229ms)
				ProcessInitializeOnLoadMethodAttributes (27ms)
				AfterProcessingInitializeOnLoad (16ms)
				EditorAssembliesLoaded (1ms)
			ExecutionOrderSort2 (0ms)
			AwakeInstancesAfterBackupRestoration (47ms)
Platform modules already initialized, skipping
Refreshing native plugins compatible for Editor in 1.20 ms, found 1 plugins.
Preloading 0 native plugins for Editor in 0.00 ms.
Unloading 2096 Unused Serialized files (Serialized files now loaded: 0)
System memory in use before: 88.7 MB.
System memory in use after: 88.8 MB.

Unloading 16 unused Assets to reduce memory usage. Loaded Objects now: 2579.
Total: 15.090388 ms (FindLiveObjects: 0.839093 ms CreateObjectMapping: 0.945059 ms MarkObjects: 13.116350 ms  DeleteObjects: 0.186191 ms)

AssetImportParameters requested are different than current active one (requested -> active):
  custom:video-decoder-ogg-theora: a1e56fd34408186e4bbccfd4996cb3dc -> 
  custom:container-muxer-webm: aa71ff27fc2769a1b78a27578f13a17b -> 
  custom:container-demuxer-webm: 4f35f7cbe854078d1ac9338744f61a02 -> 
  custom:container-demuxer-ogg: 62fdf1f143b41e24485cea50d1cbac27 -> 
  custom:video-encoder-webm-vp8: eb34c28f22e8b96e1ab97ce403110664 -> 
  custom:video-decoder-webm-vp8: 9c59270c3fd7afecdb556c50c9e8de78 -> 
  custom:audio-decoder-ogg-vorbis: bf7c407c2cedff20999df2af8eb42d56 -> 
  custom:audio-encoder-webm-vorbis: bf7c407c2cedff20999df2af8eb42d56 -> 
========================================================================
Received Prepare
Registering precompiled user dll's ...
Registered in 0.007536 seconds.
Begin MonoManager ReloadAssembly
Native extension for LinuxStandalone target not found
Refreshing native plugins compatible for Editor in 1.13 ms, found 1 plugins.
Preloading 0 native plugins for Editor in 0.00 ms.
Mono: successfully reloaded assembly
- Completed reload, in  4.088 seconds
Domain Reload Profiling:
	ReloadAssembly (4090ms)
		BeginReloadAssembly (314ms)
			ExecutionOrderSort (0ms)
			DisableScriptedObjects (31ms)
			BackupInstance (0ms)
			ReleaseScriptingObjects (0ms)
			CreateAndSetChildDomain (128ms)
		EndReloadAssembly (3549ms)
			LoadAssemblies (296ms)
			RebuildTransferFunctionScriptingTraits (0ms)
			SetupTypeCache (1132ms)
			ReleaseScriptCaches (2ms)
			RebuildScriptCaches (168ms)
			SetupLoadedEditorAssemblies (1428ms)
				LogAssemblyErrors (0ms)
				InitializePlatformSupportModulesInManaged (55ms)
				SetLoadedEditorAssemblies (1ms)
				RefreshPlugins (1ms)
				BeforeProcessingInitializeOnLoad (166ms)
				ProcessInitializeOnLoadAttributes (1171ms)
				ProcessInitializeOnLoadMethodAttributes (19ms)
				AfterProcessingInitializeOnLoad (15ms)
				EditorAssembliesLoaded (0ms)
			ExecutionOrderSort2 (0ms)
			AwakeInstancesAfterBackupRestoration (39ms)
Platform modules already initialized, skipping
Refreshing native plugins compatible for Editor in 1.42 ms, found 1 plugins.
Preloading 0 native plugins for Editor in 0.00 ms.
Unloading 2096 Unused Serialized files (Serialized files now loaded: 0)
System memory in use before: 88.8 MB.
System memory in use after: 88.8 MB.

Unloading 16 unused Assets to reduce memory usage. Loaded Objects now: 2582.
Total: 14.582078 ms (FindLiveObjects: 0.733614 ms CreateObjectMapping: 0.455602 ms MarkObjects: 13.157799 ms  DeleteObjects: 0.228954 ms)

AssetImportParameters requested are different than current active one (requested -> active):
  custom:video-decoder-ogg-theora: a1e56fd34408186e4bbccfd4996cb3dc -> 
  custom:container-muxer-webm: aa71ff27fc2769a1b78a27578f13a17b -> 
  custom:container-demuxer-webm: 4f35f7cbe854078d1ac9338744f61a02 -> 
  custom:container-demuxer-ogg: 62fdf1f143b41e24485cea50d1cbac27 -> 
  custom:video-encoder-webm-vp8: eb34c28f22e8b96e1ab97ce403110664 -> 
  custom:video-decoder-webm-vp8: 9c59270c3fd7afecdb556c50c9e8de78 -> 
  custom:audio-decoder-ogg-vorbis: bf7c407c2cedff20999df2af8eb42d56 -> 
  custom:audio-encoder-webm-vorbis: bf7c407c2cedff20999df2af8eb42d56 -> 
========================================================================
Received Prepare
Registering precompiled user dll's ...
Registered in 0.009692 seconds.
Begin MonoManager ReloadAssembly
Native extension for LinuxStandalone target not found
Refreshing native plugins compatible for Editor in 1.27 ms, found 1 plugins.
Preloading 0 native plugins for Editor in 0.00 ms.
Mono: successfully reloaded assembly
- Completed reload, in  3.684 seconds
Domain Reload Profiling:
	ReloadAssembly (3685ms)
		BeginReloadAssembly (278ms)
			ExecutionOrderSort (0ms)
			DisableScriptedObjects (25ms)
			BackupInstance (0ms)
			ReleaseScriptingObjects (0ms)
			CreateAndSetChildDomain (123ms)
		EndReloadAssembly (3202ms)
			LoadAssemblies (262ms)
			RebuildTransferFunctionScriptingTraits (0ms)
			SetupTypeCache (1135ms)
			ReleaseScriptCaches (3ms)
			RebuildScriptCaches (158ms)
			SetupLoadedEditorAssemblies (1244ms)
				LogAssemblyErrors (0ms)
				InitializePlatformSupportModulesInManaged (46ms)
				SetLoadedEditorAssemblies (2ms)
				RefreshPlugins (1ms)
				BeforeProcessingInitializeOnLoad (167ms)
				ProcessInitializeOnLoadAttributes (994ms)
				ProcessInitializeOnLoadMethodAttributes (19ms)
				AfterProcessingInitializeOnLoad (15ms)
				EditorAssembliesLoaded (0ms)
			ExecutionOrderSort2 (0ms)
			AwakeInstancesAfterBackupRestoration (35ms)
Platform modules already initialized, skipping
Refreshing native plugins compatible for Editor in 1.17 ms, found 1 plugins.
Preloading 0 native plugins for Editor in 0.00 ms.
Unloading 2096 Unused Serialized files (Serialized files now loaded: 0)
System memory in use before: 88.8 MB.
System memory in use after: 88.8 MB.

Unloading 16 unused Assets to reduce memory usage. Loaded Objects now: 2585.
Total: 13.742088 ms (FindLiveObjects: 0.710270 ms CreateObjectMapping: 0.389000 ms MarkObjects: 12.414360 ms  DeleteObjects: 0.223470 ms)

AssetImportParameters requested are different than current active one (requested -> active):
  custom:video-decoder-ogg-theora: a1e56fd34408186e4bbccfd4996cb3dc -> 
  custom:container-muxer-webm: aa71ff27fc2769a1b78a27578f13a17b -> 
  custom:container-demuxer-webm: 4f35f7cbe854078d1ac9338744f61a02 -> 
  custom:container-demuxer-ogg: 62fdf1f143b41e24485cea50d1cbac27 -> 
  custom:video-encoder-webm-vp8: eb34c28f22e8b96e1ab97ce403110664 -> 
  custom:video-decoder-webm-vp8: 9c59270c3fd7afecdb556c50c9e8de78 -> 
  custom:audio-decoder-ogg-vorbis: bf7c407c2cedff20999df2af8eb42d56 -> 
  custom:audio-encoder-webm-vorbis: bf7c407c2cedff20999df2af8eb42d56 -> 
========================================================================
Received Prepare
Registering precompiled user dll's ...
Registered in 0.006855 seconds.
Begin MonoManager ReloadAssembly
Native extension for LinuxStandalone target not found
Refreshing native plugins compatible for Editor in 1.14 ms, found 1 plugins.
Preloading 0 native plugins for Editor in 0.00 ms.
Mono: successfully reloaded assembly
- Completed reload, in  4.255 seconds
Domain Reload Profiling:
	ReloadAssembly (4256ms)
		BeginReloadAssembly (297ms)
			ExecutionOrderSort (0ms)
			DisableScriptedObjects (35ms)
			BackupInstance (0ms)
			ReleaseScriptingObjects (0ms)
			CreateAndSetChildDomain (129ms)
		EndReloadAssembly (3756ms)
			LoadAssemblies (241ms)
			RebuildTransferFunctionScriptingTraits (0ms)
			SetupTypeCache (1682ms)
			ReleaseScriptCaches (3ms)
			RebuildScriptCaches (166ms)
			SetupLoadedEditorAssemblies (1248ms)
				LogAssemblyErrors (0ms)
				InitializePlatformSupportModulesInManaged (44ms)
				SetLoadedEditorAssemblies (2ms)
				RefreshPlugins (1ms)
				BeforeProcessingInitializeOnLoad (158ms)
				ProcessInitializeOnLoadAttributes (1010ms)
				ProcessInitializeOnLoadMethodAttributes (19ms)
				AfterProcessingInitializeOnLoad (13ms)
				EditorAssembliesLoaded (0ms)
			ExecutionOrderSort2 (0ms)
			AwakeInstancesAfterBackupRestoration (38ms)
Platform modules already initialized, skipping
Refreshing native plugins compatible for Editor in 1.33 ms, found 1 plugins.
Preloading 0 native plugins for Editor in 0.00 ms.
Unloading 2096 Unused Serialized files (Serialized files now loaded: 0)
System memory in use before: 88.8 MB.
System memory in use after: 88.8 MB.

Unloading 16 unused Assets to reduce memory usage. Loaded Objects now: 2588.
Total: 12.749751 ms (FindLiveObjects: 0.529502 ms CreateObjectMapping: 0.281140 ms MarkObjects: 11.740035 ms  DeleteObjects: 0.195190 ms)

AssetImportParameters requested are different than current active one (requested -> active):
  custom:video-decoder-ogg-theora: a1e56fd34408186e4bbccfd4996cb3dc -> 
  custom:container-muxer-webm: aa71ff27fc2769a1b78a27578f13a17b -> 
  custom:container-demuxer-webm: 4f35f7cbe854078d1ac9338744f61a02 -> 
  custom:container-demuxer-ogg: 62fdf1f143b41e24485cea50d1cbac27 -> 
  custom:video-encoder-webm-vp8: eb34c28f22e8b96e1ab97ce403110664 -> 
  custom:video-decoder-webm-vp8: 9c59270c3fd7afecdb556c50c9e8de78 -> 
  custom:audio-decoder-ogg-vorbis: bf7c407c2cedff20999df2af8eb42d56 -> 
  custom:audio-encoder-webm-vorbis: bf7c407c2cedff20999df2af8eb42d56 -> 
========================================================================
Received Prepare
Registering precompiled user dll's ...
Registered in 0.006837 seconds.
Begin MonoManager ReloadAssembly
Native extension for LinuxStandalone target not found
Refreshing native plugins compatible for Editor in 1.08 ms, found 1 plugins.
Preloading 0 native plugins for Editor in 0.00 ms.
Mono: successfully reloaded assembly
- Completed reload, in  3.405 seconds
Domain Reload Profiling:
	ReloadAssembly (3406ms)
		BeginReloadAssembly (265ms)
			ExecutionOrderSort (0ms)
			DisableScriptedObjects (23ms)
			BackupInstance (0ms)
			ReleaseScriptingObjects (0ms)
			CreateAndSetChildDomain (111ms)
		EndReloadAssembly (2946ms)
			LoadAssemblies (262ms)
			RebuildTransferFunctionScriptingTraits (0ms)
			SetupTypeCache (1020ms)
			ReleaseScriptCaches (2ms)
			RebuildScriptCaches (150ms)
			SetupLoadedEditorAssemblies (1127ms)
				LogAssemblyErrors (0ms)
				InitializePlatformSupportModulesInManaged (42ms)
				SetLoadedEditorAssemblies (1ms)
				RefreshPlugins (1ms)
				BeforeProcessingInitializeOnLoad (153ms)
				ProcessInitializeOnLoadAttributes (897ms)
				ProcessInitializeOnLoadMethodAttributes (18ms)
				AfterProcessingInitializeOnLoad (13ms)
				EditorAssembliesLoaded (0ms)
			ExecutionOrderSort2 (0ms)
			AwakeInstancesAfterBackupRestoration (35ms)
Platform modules already initialized, skipping
Refreshing native plugins compatible for Editor in 1.07 ms, found 1 plugins.
Preloading 0 native plugins for Editor in 0.00 ms.
Unloading 2096 Unused Serialized files (Serialized files now loaded: 0)
System memory in use before: 88.8 MB.
System memory in use after: 88.8 MB.

Unloading 16 unused Assets to reduce memory usage. Loaded Objects now: 2591.
Total: 12.786498 ms (FindLiveObjects: 0.623027 ms CreateObjectMapping: 0.241596 ms MarkObjects: 11.720857 ms  DeleteObjects: 0.196668 ms)

AssetImportParameters requested are different than current active one (requested -> active):
  custom:video-decoder-ogg-theora: a1e56fd34408186e4bbccfd4996cb3dc -> 
  custom:container-muxer-webm: aa71ff27fc2769a1b78a27578f13a17b -> 
  custom:container-demuxer-webm: 4f35f7cbe854078d1ac9338744f61a02 -> 
  custom:container-demuxer-ogg: 62fdf1f143b41e24485cea50d1cbac27 -> 
  custom:video-encoder-webm-vp8: eb34c28f22e8b96e1ab97ce403110664 -> 
  custom:video-decoder-webm-vp8: 9c59270c3fd7afecdb556c50c9e8de78 -> 
  custom:audio-decoder-ogg-vorbis: bf7c407c2cedff20999df2af8eb42d56 -> 
  custom:audio-encoder-webm-vorbis: bf7c407c2cedff20999df2af8eb42d56 -> 
AssetImportWorkerClient::OnTransportError - code=2 error=End of file
